[2025-04-10 22:31:26] User: & c:/python312/python.exe "c:/users/rotem/onedrive - technion/school - new/waves lab/waves_lab/chat_app/simple_chat.py"
[2025-04-10 22:31:47] User: i have a head-ache
[2025-04-10 22:33:24] User: i have a head-ache
[2025-04-10 22:33:51] User: in my forhead
[2025-04-10 22:34:07] User: come and go
[2025-04-10 22:34:25] User: 6
[2025-04-10 22:34:50] User: i have a small fever
[2025-04-10 22:35:09] User: 37.4 is it siriuse?
[2025-04-10 22:36:44] User: no
[2025-04-10 22:38:31] User: i just vomited
[2025-04-10 22:38:49] User: i vomitt for 5 times
[2025-04-10 22:39:09] User: cramping in my upper belly
[2025-04-10 22:39:26] User: chills, i dont know my fever
[2025-04-10 22:39:38] User: no i dont
[2025-04-10 22:40:01] User: not signifintly no
[2025-04-10 22:40:28] User: no, no more siptoms
[2025-04-10 22:40:36] User: no
[2025-04-10 22:40:44] User: no
[2025-04-10 22:40:59] User: done
[2025-04-10 22:42:08] User: i have diaria
[2025-04-10 22:42:28] User: every 10 to 20 minutes
[2025-04-10 22:42:57] User: i feeling like i beeng stub in my belly
[2025-04-10 22:43:16] User: right above my pipi
[2025-04-10 22:43:31] User: constant
[2025-04-10 22:43:43] User: about the same
[2025-04-10 22:43:56] User: line helps
[2025-04-10 22:44:03] User: no
[2025-04-10 22:44:13] User: no
[2025-04-10 22:44:19] User: no
[2025-04-10 22:44:24] User: no
[2025-04-10 22:44:30] User: no
[2025-04-10 22:44:37] User: no
[2025-04-10 22:44:50] User: no more problems
[2025-04-10 22:44:58] User: no
[2025-04-10 22:45:13] User: you allready said that
[2025-04-10 22:45:21] User: done
